[2026-05-18 15:38:17] State written: {'ticket_key': 'AIWH-99', 'status': 'in_progress', 'claimed_at': '2026-05-18T07:38:17.971612+00:00', 'workspace': '/Users/3pigcn/workspace/wing_1'}
[2026-05-18 15:38:24] Recovery alert written for AIWH-99
[2026-05-18 15:40:41] Recovery alert written for AIWH-99
[2026-05-18 15:47:50] Recovery alert written for AIWH-99
[2026-05-18 15:57:25] State cleared
[2026-05-18 16:13:14] State written: {'ticket_key': 'AIWH-100', 'status': 'in_progress', 'claimed_at': '2026-05-18T08:13:14.850257+00:00', 'workspace': '/Users/3pigcn/workspace/wing_1'}
[2026-05-18 16:39:44] State cleared
[2026-05-18 16:49:19] State written: {'ticket_key': 'AIWH-101', 'status': 'in_progress', 'claimed_at': '2026-05-18T08:49:19.437062+00:00', 'workspace': '/Users/3pigcn/workspace/wing_1'}
[2026-05-18 17:44:52] State cleared
[2026-05-18 18:06:49] State written: {'ticket_key': 'AIWH-102', 'status': 'in_progress', 'claimed_at': '2026-05-18T10:06:49.509014+00:00', 'workspace': '/Users/3pigcn/workspace/wing_1'}
[2026-05-18 18:20:34] State cleared
[2026-05-18 18:22:03] State written: {'ticket_key': 'AIWH-103', 'status': 'in_progress', 'claimed_at': '2026-05-18T10:22:03.902880+00:00', 'workspace': '/Users/3pigcn/workspace/wing_1'}
[2026-05-18 18:58:09] State cleared
[2026-05-18 19:00:16] State written: {'ticket_key': 'AIWH-104', 'status': 'in_progress', 'claimed_at': '2026-05-18T11:00:16.486171+00:00', 'workspace': '/Users/3pigcn/workspace/wing_1'}
[2026-05-18 20:35:26] State cleared
[2026-05-18 21:36:49] State written: {'ticket_key': 'AIWH-105', 'status': 'in_progress', 'claimed_at': '2026-05-18T13:36:49.509673+00:00', 'workspace': '/Users/3pigcn/workspace/wing_1'}
[2026-05-18 22:50:56] State written: {'ticket_key': 'AIWH-106', 'status': 'in_progress', 'claimed_at': '2026-05-18T14:50:56.061737+00:00', 'workspace': '/Users/3pigcn/workspace/wing_1'}
[2026-05-18 22:57:28] State cleared
[2026-05-19 00:12:16] State written: {'ticket_key': 'AIWH-107', 'status': 'in_progress', 'claimed_at': '2026-05-18T16:12:16.587823+00:00', 'workspace': '/Users/3pigcn/workspace/wing_1'}
[2026-05-19 00:26:50] State cleared
[2026-05-19 04:16:28] State written: {'ticket_key': 'AIWH-108', 'status': 'in_progress', 'claimed_at': '2026-05-18T20:16:28.486410+00:00', 'workspace': '/Users/3pigcn/workspace/wing_1'}
[2026-05-19 04:23:04] State cleared
[2026-05-19 09:16:29] State written: {'ticket_key': 'AIWH-109', 'status': 'in_progress', 'claimed_at': '2026-05-19T01:16:29.473541+00:00', 'workspace': '/Users/3pigcn/workspace/wing_1'}
[2026-05-19 09:23:01] State cleared
[2026-05-19 13:46:51] Jira巡查: 49 tickets 完成, 0 处理中, 0 待领取, Backlog=1 (AIWH-98)
[2026-05-19 20:19:40] State written: {'ticket_key': 'AIWH-98', 'status': 'in_progress', 'claimed_at': '2026-05-19T12:19:40.624917+00:00', 'workspace': '/Users/3pigcn/workspace/wing_1'}
[2026-05-19 20:20:13] State cleared
[2026-05-20 08:36:26] WARNING: done called for --reset but current state is None
[2026-05-22 09:55:33] State written: {'ticket_key': 'AIWH-110', 'status': 'in_progress', 'claimed_at': '2026-05-22T01:55:33.399241+00:00', 'workspace': '/Users/3pigcn/workspace/wing_1'}
[2026-05-22 10:07:29] State cleared
[2026-05-22 10:27:13] WARNING: done called for AIWH-110 but current state is None
[2026-05-28 01:26:36] WARNING: done called for NO-TASK but current state is None
[2026-05-31 08:26:13] WARNING: done called for JIRA-PATROL-2026-05-31-0825 but current state is None
[2026-06-03 07:56:18] WARNING: done called for BLOCKER-ATLAS-UNAVAILABLE but current state is None
[2026-06-07 19:25:25] Jira patrol completed: Data Center OK, 0 in-progress, 0 to-claim, 0 unfinished. Cloud URL blocked (site unavailable). Git push still failing (repo not found).
[2026-06-08 16:06:34] WARNING: done called for NO-TASK-AVAILABLE but current state is None
[2026-06-09 16:44:30] Jira巡查: Jira Cloud 404, GitHub 404, 无活跃任务, 本地干净
[2026-06-11 22:17:22] WARNING: done called for CRON-INSPECTION-2026-06-11-2214 but current state is None
