[2026-05-18 14:30:00] === WING Watchdog Start ===
[2026-05-18 14:30:00] Found 1 ticket(s) in '处理中' status
[2026-05-18 14:30:00] Git status: untracked=3, modified=0
[2026-05-18 14:30:00] AIWH-99: updated=2026-05-18T14:05:44.000+0800, stall=24min, assignee=Unassigned
[2026-05-18 14:30:00] Alerts triggered: 0
[2026-05-18 14:30:00] === WING Watchdog End ===

[2026-05-18 15:00:00] === WING Watchdog Start ===
[2026-05-18 15:00:00] Found 1 ticket(s) in '处理中' status
[2026-05-18 15:00:00] Git status: untracked=3, modified=0
[2026-05-18 15:00:00] AIWH-99: updated=2026-05-18T14:05:44.000+0800, stall=54min, assignee=Unassigned
[2026-05-18 15:00:00] Alerts triggered: 0
[2026-05-18 15:00:00] === WING Watchdog End ===

[2026-05-18 15:30:00] === WING Watchdog Start ===
[2026-05-18 15:30:00] Found 1 ticket(s) in '处理中' status
[2026-05-18 15:30:00] Git status: untracked=3, modified=0
[2026-05-18 15:30:00] AIWH-99: updated=2026-05-18T15:24:54.000+0800, stall=5min, assignee=openclaw-admin
[2026-05-18 15:30:00] Alerts triggered: 0
[2026-05-18 15:30:00] === WING Watchdog End ===

[2026-05-18 16:00:00] === WING Watchdog v2 Start ===
[2026-05-18 16:00:00] Found 0 ticket(s) in '处理中' status
[2026-05-18 16:00:00] No stalled tickets. Exiting.
[2026-05-18 16:30:01] === WING Watchdog v2 Start ===
[2026-05-18 16:30:01] RECOVERY CHECK: Found persisted state for AIWH-100 (claimed at 2026-05-18T08:13:14.850257+00:00)
[2026-05-18 16:30:01] RECOVERY alert written for AIWH-100
[2026-05-18 16:30:01] Found 1 ticket(s) in '处理中' status
[2026-05-18 16:30:01] Git status: untracked=8, modified=2
[2026-05-18 16:30:01] AIWH-100: updated=2026-05-18T16:27:30.000+0800, stall=2min, assignee=huahua
[2026-05-18 16:30:01] Alerts triggered: 0, Wakeups sent: 0
[2026-05-18 16:30:01] === WING Watchdog v2 End ===

[2026-05-18 17:00:01] === WING Watchdog v2 Start ===
[2026-05-18 17:00:01] RECOVERY CHECK: Found persisted state for AIWH-101 (claimed at 2026-05-18T08:49:19.437062+00:00)
[2026-05-18 17:00:01] RECOVERY alert written for AIWH-101
[2026-05-18 17:00:01] Found 1 ticket(s) in '处理中' status
[2026-05-18 17:00:01] Git status: untracked=4, modified=5
[2026-05-18 17:00:01] AIWH-101: updated=2026-05-18T16:49:20.000+0800, stall=10min, assignee=huahua
[2026-05-18 17:00:01] Alerts triggered: 0, Wakeups sent: 0
[2026-05-18 17:00:01] === WING Watchdog v2 End ===

[2026-05-18 17:30:00] === WING Watchdog v2 Start ===
[2026-05-18 17:30:00] RECOVERY CHECK: Found persisted state for AIWH-101 (claimed at 2026-05-18T08:49:19.437062+00:00)
[2026-05-18 17:30:00] RECOVERY alert written for AIWH-101
[2026-05-18 17:30:01] Found 1 ticket(s) in '处理中' status
[2026-05-18 17:30:01] Git status: clean
[2026-05-18 17:30:01] AIWH-101: updated=2026-05-18T16:49:20.000+0800, stall=40min, assignee=huahua
[2026-05-18 17:30:01] WAKEUP comment sent for AIWH-101
[2026-05-18 17:30:01] Alerts triggered: 0, Wakeups sent: 1
[2026-05-18 17:30:01] === WING Watchdog v2 End ===

[2026-05-18 18:00:01] === WING Watchdog v2 Start ===
[2026-05-18 18:00:01] Found 0 ticket(s) in '处理中' status
[2026-05-18 18:00:01] No stalled tickets. Exiting.
[2026-05-18 18:30:00] === WING Watchdog v2 Start ===
[2026-05-18 18:30:00] RECOVERY CHECK: Found persisted state for AIWH-103 (claimed at 2026-05-18T10:22:03.902880+00:00)
[2026-05-18 18:30:00] RECOVERY alert written for AIWH-103
[2026-05-18 18:30:00] Found 1 ticket(s) in '处理中' status
[2026-05-18 18:30:00] Git status: clean
[2026-05-18 18:30:00] AIWH-103: updated=2026-05-18T18:22:31.000+0800, stall=7min, assignee=huahua
[2026-05-18 18:30:00] Alerts triggered: 0, Wakeups sent: 0
[2026-05-18 18:30:00] === WING Watchdog v2 End ===

[2026-05-18 19:00:00] === WING Watchdog v2 Start ===
[2026-05-18 19:00:01] Found 1 ticket(s) in '处理中' status
[2026-05-18 19:00:01] Git status: clean
[2026-05-18 19:00:01] AIWH-104: updated=2026-05-18T18:59:53.000+0800, stall=0min, assignee=huahua
[2026-05-18 19:00:01] Alerts triggered: 0, Wakeups sent: 0
[2026-05-18 19:00:01] === WING Watchdog v2 End ===

[2026-05-18 19:30:01] === WING Watchdog v2 Start ===
[2026-05-18 19:30:01] RECOVERY CHECK: Found persisted state for AIWH-104 (claimed at 2026-05-18T11:00:16.486171+00:00)
[2026-05-18 19:30:01] RECOVERY alert written for AIWH-104
[2026-05-18 19:30:01] Found 1 ticket(s) in '处理中' status
[2026-05-18 19:30:01] Git status: clean
[2026-05-18 19:30:01] AIWH-104: updated=2026-05-18T19:03:10.000+0800, stall=26min, assignee=huahua
[2026-05-18 19:30:01] Alerts triggered: 0, Wakeups sent: 0
[2026-05-18 19:30:01] === WING Watchdog v2 End ===

[2026-05-18 20:00:01] === WING Watchdog v2 Start ===
[2026-05-18 20:00:01] RECOVERY CHECK: Found persisted state for AIWH-104 (claimed at 2026-05-18T11:00:16.486171+00:00)
[2026-05-18 20:00:01] RECOVERY alert written for AIWH-104
[2026-05-18 20:00:01] Found 1 ticket(s) in '处理中' status
[2026-05-18 20:00:01] Git status: clean
[2026-05-18 20:00:01] AIWH-104: updated=2026-05-18T19:03:10.000+0800, stall=56min, assignee=huahua
[2026-05-18 20:00:02] WAKEUP comment sent for AIWH-104
[2026-05-18 20:00:02] Alerts triggered: 0, Wakeups sent: 1
[2026-05-18 20:00:02] === WING Watchdog v2 End ===

[2026-05-18 20:30:00] === WING Watchdog v2 Start ===
[2026-05-18 20:30:00] RECOVERY CHECK: Found persisted state for AIWH-104 (claimed at 2026-05-18T11:00:16.486171+00:00)
[2026-05-18 20:30:00] RECOVERY alert written for AIWH-104
[2026-05-18 20:30:00] Found 1 ticket(s) in '处理中' status
[2026-05-18 20:30:00] Git status: clean
[2026-05-18 20:30:00] AIWH-104: updated=2026-05-18T20:00:02.000+0800, stall=29min, assignee=huahua
[2026-05-18 20:30:00] Alerts triggered: 0, Wakeups sent: 0
[2026-05-18 20:30:00] === WING Watchdog v2 End ===

[2026-05-18 21:00:00] === WING Watchdog v2 Start ===
[2026-05-18 21:00:00] Found 0 ticket(s) in '处理中' status
[2026-05-18 21:00:00] No stalled tickets. Exiting.
[2026-05-18 21:30:00] === WING Watchdog v2 Start ===
[2026-05-18 21:30:00] Found 0 ticket(s) in '处理中' status
[2026-05-18 21:30:00] No stalled tickets. Exiting.
[2026-05-18 22:00:00] === WING Watchdog v2 Start ===
[2026-05-18 22:00:00] RECOVERY CHECK: Found persisted state for AIWH-105 (claimed at 2026-05-18T13:36:49.509673+00:00)
[2026-05-18 22:00:00] RECOVERY alert written for AIWH-105
[2026-05-18 22:00:01] Found 1 ticket(s) in '处理中' status
[2026-05-18 22:00:01] Git status: clean
[2026-05-18 22:00:01] AIWH-105: updated=2026-05-18T21:36:59.000+0800, stall=23min, assignee=huahua
[2026-05-18 22:00:01] Alerts triggered: 0, Wakeups sent: 0
[2026-05-18 22:00:01] === WING Watchdog v2 End ===

[2026-05-18 22:30:00] === WING Watchdog v2 Start ===
[2026-05-18 22:30:00] RECOVERY CHECK: Found persisted state for AIWH-105 (claimed at 2026-05-18T13:36:49.509673+00:00)
[2026-05-18 22:30:00] RECOVERY CHECK: AIWH-105 status is 完成, not In Progress. Clearing state.
[2026-05-18 22:30:01] Found 0 ticket(s) in '处理中' status
[2026-05-18 22:30:01] No stalled tickets. Exiting.
[2026-05-18 23:00:00] === WING Watchdog v2 Start ===
[2026-05-18 23:00:01] Found 0 ticket(s) in '处理中' status
[2026-05-18 23:00:01] No stalled tickets. Exiting.
[2026-05-18 23:30:01] === WING Watchdog v2 Start ===
[2026-05-18 23:30:01] Found 0 ticket(s) in '处理中' status
[2026-05-18 23:30:01] No stalled tickets. Exiting.
[2026-05-19 00:00:00] === WING Watchdog v2 Start ===
[2026-05-19 00:00:00] Found 0 ticket(s) in '处理中' status
[2026-05-19 00:00:00] No stalled tickets. Exiting.
[2026-05-19 00:30:01] === WING Watchdog v2 Start ===
[2026-05-19 00:30:01] Found 0 ticket(s) in '处理中' status
[2026-05-19 00:30:01] No stalled tickets. Exiting.
[2026-05-19 01:00:00] === WING Watchdog v2 Start ===
[2026-05-19 01:00:01] Found 0 ticket(s) in '处理中' status
[2026-05-19 01:00:01] No stalled tickets. Exiting.
[2026-05-19 01:30:01] === WING Watchdog v2 Start ===
[2026-05-19 01:30:01] Found 0 ticket(s) in '处理中' status
[2026-05-19 01:30:01] No stalled tickets. Exiting.
[2026-05-19 02:00:00] === WING Watchdog v2 Start ===
[2026-05-19 02:00:00] Found 0 ticket(s) in '处理中' status
[2026-05-19 02:00:00] No stalled tickets. Exiting.
[2026-05-19 02:30:00] === WING Watchdog v2 Start ===
[2026-05-19 02:30:00] Found 0 ticket(s) in '处理中' status
[2026-05-19 02:30:00] No stalled tickets. Exiting.
[2026-05-19 03:00:01] === WING Watchdog v2 Start ===
[2026-05-19 03:00:01] Found 0 ticket(s) in '处理中' status
[2026-05-19 03:00:01] No stalled tickets. Exiting.
[2026-05-19 03:30:00] === WING Watchdog v2 Start ===
[2026-05-19 03:30:00] Found 0 ticket(s) in '处理中' status
[2026-05-19 03:30:00] No stalled tickets. Exiting.
[2026-05-19 04:00:00] === WING Watchdog v2 Start ===
[2026-05-19 04:00:00] Found 0 ticket(s) in '处理中' status
[2026-05-19 04:00:00] No stalled tickets. Exiting.
[2026-05-19 04:30:00] === WING Watchdog v2 Start ===
[2026-05-19 04:30:00] Found 0 ticket(s) in '处理中' status
[2026-05-19 04:30:00] No stalled tickets. Exiting.
[2026-05-19 05:00:00] === WING Watchdog v2 Start ===
[2026-05-19 05:00:01] Found 0 ticket(s) in '处理中' status
[2026-05-19 05:00:01] No stalled tickets. Exiting.
[2026-05-19 05:30:01] === WING Watchdog v2 Start ===
[2026-05-19 05:30:01] Found 0 ticket(s) in '处理中' status
[2026-05-19 05:30:01] No stalled tickets. Exiting.
[2026-05-19 06:00:00] === WING Watchdog v2 Start ===
[2026-05-19 06:00:00] Found 0 ticket(s) in '处理中' status
[2026-05-19 06:00:00] No stalled tickets. Exiting.
[2026-05-19 06:30:00] === WING Watchdog v2 Start ===
[2026-05-19 06:30:00] Found 0 ticket(s) in '处理中' status
[2026-05-19 06:30:00] No stalled tickets. Exiting.
[2026-05-19 07:00:00] === WING Watchdog v2 Start ===
[2026-05-19 07:00:00] Found 0 ticket(s) in '处理中' status
[2026-05-19 07:00:00] No stalled tickets. Exiting.
[2026-05-19 07:30:00] === WING Watchdog v2 Start ===
[2026-05-19 07:30:00] Found 0 ticket(s) in '处理中' status
[2026-05-19 07:30:00] No stalled tickets. Exiting.
[2026-05-19 08:00:00] === WING Watchdog v2 Start ===
[2026-05-19 08:00:01] Found 0 ticket(s) in '处理中' status
[2026-05-19 08:00:01] No stalled tickets. Exiting.
[2026-05-19 08:30:01] === WING Watchdog v2 Start ===
[2026-05-19 08:30:01] Found 0 ticket(s) in '处理中' status
[2026-05-19 08:30:01] No stalled tickets. Exiting.
[2026-05-19 09:00:01] === WING Watchdog v2 Start ===
[2026-05-19 09:00:01] Found 0 ticket(s) in '处理中' status
[2026-05-19 09:00:01] No stalled tickets. Exiting.
[2026-05-19 09:30:00] === WING Watchdog v2 Start ===
[2026-05-19 09:30:00] Found 0 ticket(s) in '处理中' status
[2026-05-19 09:30:00] No stalled tickets. Exiting.
[2026-05-19 10:00:01] === WING Watchdog v2 Start ===
[2026-05-19 10:00:01] Found 0 ticket(s) in '处理中' status
[2026-05-19 10:00:01] No stalled tickets. Exiting.
[2026-05-19 10:30:00] === WING Watchdog v2 Start ===
[2026-05-19 10:30:00] Found 0 ticket(s) in '处理中' status
[2026-05-19 10:30:00] No stalled tickets. Exiting.
[2026-05-19 11:00:00] === WING Watchdog v2 Start ===
[2026-05-19 11:00:00] Found 0 ticket(s) in '处理中' status
[2026-05-19 11:00:00] No stalled tickets. Exiting.
[2026-05-19 11:30:01] === WING Watchdog v2 Start ===
[2026-05-19 11:30:01] Found 0 ticket(s) in '处理中' status
[2026-05-19 11:30:01] No stalled tickets. Exiting.
[2026-05-19 12:00:00] === WING Watchdog v2 Start ===
[2026-05-19 12:00:00] Found 0 ticket(s) in '处理中' status
[2026-05-19 12:00:00] No stalled tickets. Exiting.
[2026-05-19 12:30:00] === WING Watchdog v2 Start ===
[2026-05-19 12:30:00] Found 0 ticket(s) in '处理中' status
[2026-05-19 12:30:00] No stalled tickets. Exiting.
[2026-05-19 13:00:01] === WING Watchdog v2 Start ===
[2026-05-19 13:00:01] Found 0 ticket(s) in '处理中' status
[2026-05-19 13:00:01] No stalled tickets. Exiting.
[2026-05-19 13:30:00] === WING Watchdog v2 Start ===
[2026-05-19 13:30:00] Found 0 ticket(s) in '处理中' status
[2026-05-19 13:30:00] No stalled tickets. Exiting.
[2026-05-19 14:00:00] === WING Watchdog v2 Start ===
[2026-05-19 14:00:00] Found 0 ticket(s) in '处理中' status
[2026-05-19 14:00:00] No stalled tickets. Exiting.
[2026-05-19 14:30:00] === WING Watchdog v2 Start ===
[2026-05-19 14:30:00] Found 0 ticket(s) in '处理中' status
[2026-05-19 14:30:00] No stalled tickets. Exiting.
[2026-05-19 15:00:00] === WING Watchdog v2 Start ===
[2026-05-19 15:00:00] Found 0 ticket(s) in '处理中' status
[2026-05-19 15:00:00] No stalled tickets. Exiting.
[2026-05-19 15:30:00] === WING Watchdog v2 Start ===
[2026-05-19 15:30:00] Found 0 ticket(s) in '处理中' status
[2026-05-19 15:30:00] No stalled tickets. Exiting.
[2026-05-19 16:00:00] === WING Watchdog v2 Start ===
[2026-05-19 16:00:00] Found 0 ticket(s) in '处理中' status
[2026-05-19 16:00:00] No stalled tickets. Exiting.
[2026-05-19 16:30:00] === WING Watchdog v2 Start ===
[2026-05-19 16:30:00] Found 0 ticket(s) in '处理中' status
[2026-05-19 16:30:00] No stalled tickets. Exiting.
[2026-05-19 17:00:00] === WING Watchdog v2 Start ===
[2026-05-19 17:00:00] Found 0 ticket(s) in '处理中' status
[2026-05-19 17:00:00] No stalled tickets. Exiting.
[2026-05-19 17:30:00] === WING Watchdog v2 Start ===
[2026-05-19 17:30:00] Found 0 ticket(s) in '处理中' status
[2026-05-19 17:30:00] No stalled tickets. Exiting.
[2026-05-19 18:00:00] === WING Watchdog v2 Start ===
[2026-05-19 18:00:00] Found 0 ticket(s) in '处理中' status
[2026-05-19 18:00:00] No stalled tickets. Exiting.
[2026-05-19 18:30:00] === WING Watchdog v2 Start ===
[2026-05-19 18:30:00] Found 0 ticket(s) in '处理中' status
[2026-05-19 18:30:00] No stalled tickets. Exiting.
[2026-05-19 19:00:00] === WING Watchdog v2 Start ===
[2026-05-19 19:00:00] Found 0 ticket(s) in '处理中' status
[2026-05-19 19:00:00] No stalled tickets. Exiting.
[2026-05-19 19:30:00] === WING Watchdog v2 Start ===
[2026-05-19 19:30:00] Found 0 ticket(s) in '处理中' status
[2026-05-19 19:30:00] No stalled tickets. Exiting.
[2026-05-19 20:00:00] === WING Watchdog v2 Start ===
[2026-05-19 20:00:00] Found 0 ticket(s) in '处理中' status
[2026-05-19 20:00:00] No stalled tickets. Exiting.
[2026-05-19 20:30:00] === WING Watchdog v2 Start ===
[2026-05-19 20:30:00] Found 0 ticket(s) in '处理中' status
[2026-05-19 20:30:00] No stalled tickets. Exiting.
[2026-05-19 21:00:00] === WING Watchdog v2 Start ===
[2026-05-19 21:00:00] Found 0 ticket(s) in '处理中' status
[2026-05-19 21:00:00] No stalled tickets. Exiting.
[2026-05-19 21:30:00] === WING Watchdog v2 Start ===
[2026-05-19 21:30:01] Found 0 ticket(s) in '处理中' status
[2026-05-19 21:30:01] No stalled tickets. Exiting.
[2026-05-19 22:00:00] === WING Watchdog v2 Start ===
[2026-05-19 22:00:01] Found 0 ticket(s) in '处理中' status
[2026-05-19 22:00:01] No stalled tickets. Exiting.
[2026-05-19 22:30:00] === WING Watchdog v2 Start ===
[2026-05-19 22:30:01] Found 0 ticket(s) in '处理中' status
[2026-05-19 22:30:01] No stalled tickets. Exiting.
[2026-05-19 23:00:01] === WING Watchdog v2 Start ===
[2026-05-19 23:00:01] Found 0 ticket(s) in '处理中' status
[2026-05-19 23:00:01] No stalled tickets. Exiting.
[2026-05-19 23:30:01] === WING Watchdog v2 Start ===
[2026-05-19 23:30:01] Found 0 ticket(s) in '处理中' status
[2026-05-19 23:30:01] No stalled tickets. Exiting.
[2026-05-20 00:00:01] === WING Watchdog v2 Start ===
[2026-05-20 00:00:01] Found 0 ticket(s) in '处理中' status
[2026-05-20 00:00:01] No stalled tickets. Exiting.
[2026-05-20 00:30:01] === WING Watchdog v2 Start ===
[2026-05-20 00:30:01] Found 0 ticket(s) in '处理中' status
[2026-05-20 00:30:01] No stalled tickets. Exiting.
[2026-05-20 01:00:01] === WING Watchdog v2 Start ===
[2026-05-20 01:00:01] Found 0 ticket(s) in '处理中' status
[2026-05-20 01:00:01] No stalled tickets. Exiting.
[2026-05-20 01:30:00] === WING Watchdog v2 Start ===
[2026-05-20 01:30:00] Found 0 ticket(s) in '处理中' status
[2026-05-20 01:30:00] No stalled tickets. Exiting.
[2026-05-20 02:00:00] === WING Watchdog v2 Start ===
[2026-05-20 02:00:01] Found 0 ticket(s) in '处理中' status
[2026-05-20 02:00:01] No stalled tickets. Exiting.
[2026-05-20 02:30:00] === WING Watchdog v2 Start ===
[2026-05-20 02:30:00] Found 0 ticket(s) in '处理中' status
[2026-05-20 02:30:00] No stalled tickets. Exiting.
[2026-05-20 03:00:01] === WING Watchdog v2 Start ===
[2026-05-20 03:00:01] Found 0 ticket(s) in '处理中' status
[2026-05-20 03:00:01] No stalled tickets. Exiting.
[2026-05-20 03:30:01] === WING Watchdog v2 Start ===
[2026-05-20 03:30:01] Found 0 ticket(s) in '处理中' status
[2026-05-20 03:30:01] No stalled tickets. Exiting.
[2026-05-20 04:00:00] === WING Watchdog v2 Start ===
[2026-05-20 04:00:00] Found 0 ticket(s) in '处理中' status
[2026-05-20 04:00:00] No stalled tickets. Exiting.
[2026-05-20 04:30:00] === WING Watchdog v2 Start ===
[2026-05-20 04:30:00] Found 0 ticket(s) in '处理中' status
[2026-05-20 04:30:00] No stalled tickets. Exiting.
[2026-05-20 05:00:00] === WING Watchdog v2 Start ===
[2026-05-20 05:00:00] Found 0 ticket(s) in '处理中' status
[2026-05-20 05:00:00] No stalled tickets. Exiting.
[2026-05-20 05:30:00] === WING Watchdog v2 Start ===
[2026-05-20 05:30:00] Found 0 ticket(s) in '处理中' status
[2026-05-20 05:30:00] No stalled tickets. Exiting.
[2026-05-20 06:00:01] === WING Watchdog v2 Start ===
[2026-05-20 06:00:01] Found 0 ticket(s) in '处理中' status
[2026-05-20 06:00:01] No stalled tickets. Exiting.
[2026-05-20 06:30:01] === WING Watchdog v2 Start ===
[2026-05-20 06:30:01] Found 0 ticket(s) in '处理中' status
[2026-05-20 06:30:01] No stalled tickets. Exiting.
[2026-05-20 07:00:00] === WING Watchdog v2 Start ===
[2026-05-20 07:00:00] Found 0 ticket(s) in '处理中' status
[2026-05-20 07:00:00] No stalled tickets. Exiting.
[2026-05-20 07:30:00] === WING Watchdog v2 Start ===
[2026-05-20 07:30:00] Found 0 ticket(s) in '处理中' status
[2026-05-20 07:30:00] No stalled tickets. Exiting.
[2026-05-20 08:00:01] === WING Watchdog v2 Start ===
[2026-05-20 08:00:01] Found 0 ticket(s) in '处理中' status
[2026-05-20 08:00:01] No stalled tickets. Exiting.
[2026-05-20 08:30:00] === WING Watchdog v2 Start ===
[2026-05-20 08:30:01] Found 0 ticket(s) in '处理中' status
[2026-05-20 08:30:01] No stalled tickets. Exiting.
[2026-05-20 09:00:00] === WING Watchdog v2 Start ===
[2026-05-20 09:00:00] Found 0 ticket(s) in '处理中' status
[2026-05-20 09:00:00] No stalled tickets. Exiting.
[2026-05-20 09:30:00] === WING Watchdog v2 Start ===
[2026-05-20 09:30:00] Found 0 ticket(s) in '处理中' status
[2026-05-20 09:30:00] No stalled tickets. Exiting.
[2026-05-20 10:00:00] === WING Watchdog v2 Start ===
[2026-05-20 10:00:01] Found 0 ticket(s) in '处理中' status
[2026-05-20 10:00:01] No stalled tickets. Exiting.
[2026-05-20 10:30:00] === WING Watchdog v2 Start ===
[2026-05-20 10:30:00] Found 0 ticket(s) in '处理中' status
[2026-05-20 10:30:00] No stalled tickets. Exiting.
[2026-05-20 11:00:01] === WING Watchdog v2 Start ===
[2026-05-20 11:00:01] Found 0 ticket(s) in '处理中' status
[2026-05-20 11:00:01] No stalled tickets. Exiting.
[2026-05-20 11:30:00] === WING Watchdog v2 Start ===
[2026-05-20 11:30:00] Found 0 ticket(s) in '处理中' status
[2026-05-20 11:30:00] No stalled tickets. Exiting.
[2026-05-20 12:00:00] === WING Watchdog v2 Start ===
[2026-05-20 12:00:00] Found 0 ticket(s) in '处理中' status
[2026-05-20 12:00:00] No stalled tickets. Exiting.
[2026-05-20 12:30:01] === WING Watchdog v2 Start ===
[2026-05-20 12:30:01] Found 0 ticket(s) in '处理中' status
[2026-05-20 12:30:01] No stalled tickets. Exiting.
[2026-05-20 13:00:01] === WING Watchdog v2 Start ===
[2026-05-20 13:00:01] Found 0 ticket(s) in '处理中' status
[2026-05-20 13:00:01] No stalled tickets. Exiting.
[2026-05-20 13:30:00] === WING Watchdog v2 Start ===
[2026-05-20 13:30:01] Found 0 ticket(s) in '处理中' status
[2026-05-20 13:30:01] No stalled tickets. Exiting.
[2026-05-20 14:00:01] === WING Watchdog v2 Start ===
[2026-05-20 14:00:01] Found 0 ticket(s) in '处理中' status
[2026-05-20 14:00:01] No stalled tickets. Exiting.
[2026-05-20 14:30:00] === WING Watchdog v2 Start ===
[2026-05-20 14:30:00] Found 0 ticket(s) in '处理中' status
[2026-05-20 14:30:00] No stalled tickets. Exiting.
[2026-05-20 15:00:00] === WING Watchdog v2 Start ===
[2026-05-20 15:00:00] Found 0 ticket(s) in '处理中' status
[2026-05-20 15:00:00] No stalled tickets. Exiting.
[2026-05-20 15:30:00] === WING Watchdog v2 Start ===
[2026-05-20 15:30:00] Found 0 ticket(s) in '处理中' status
[2026-05-20 15:30:00] No stalled tickets. Exiting.
[2026-05-20 16:00:00] === WING Watchdog v2 Start ===
[2026-05-20 16:00:01] Found 0 ticket(s) in '处理中' status
[2026-05-20 16:00:01] No stalled tickets. Exiting.
[2026-05-20 16:30:01] === WING Watchdog v2 Start ===
[2026-05-20 16:30:01] Found 0 ticket(s) in '处理中' status
[2026-05-20 16:30:01] No stalled tickets. Exiting.
[2026-05-20 17:00:00] === WING Watchdog v2 Start ===
[2026-05-20 17:00:01] Found 0 ticket(s) in '处理中' status
[2026-05-20 17:00:01] No stalled tickets. Exiting.
[2026-05-20 17:30:01] === WING Watchdog v2 Start ===
[2026-05-20 17:30:01] Found 0 ticket(s) in '处理中' status
[2026-05-20 17:30:01] No stalled tickets. Exiting.
[2026-05-20 18:00:00] === WING Watchdog v2 Start ===
[2026-05-20 18:00:00] Found 0 ticket(s) in '处理中' status
[2026-05-20 18:00:00] No stalled tickets. Exiting.
[2026-05-20 18:30:00] === WING Watchdog v2 Start ===
[2026-05-20 18:30:00] Found 0 ticket(s) in '处理中' status
[2026-05-20 18:30:00] No stalled tickets. Exiting.
[2026-05-20 19:00:00] === WING Watchdog v2 Start ===
[2026-05-20 19:00:00] Found 0 ticket(s) in '处理中' status
[2026-05-20 19:00:00] No stalled tickets. Exiting.
[2026-05-20 19:30:00] === WING Watchdog v2 Start ===
[2026-05-20 19:30:00] Found 0 ticket(s) in '处理中' status
[2026-05-20 19:30:00] No stalled tickets. Exiting.
[2026-05-20 20:00:00] === WING Watchdog v2 Start ===
[2026-05-20 20:00:00] Found 0 ticket(s) in '处理中' status
[2026-05-20 20:00:00] No stalled tickets. Exiting.
[2026-05-20 20:30:01] === WING Watchdog v2 Start ===
[2026-05-20 20:30:01] Found 0 ticket(s) in '处理中' status
[2026-05-20 20:30:01] No stalled tickets. Exiting.
[2026-05-20 21:00:01] === WING Watchdog v2 Start ===
[2026-05-20 21:00:01] Found 0 ticket(s) in '处理中' status
[2026-05-20 21:00:01] No stalled tickets. Exiting.
[2026-05-20 21:30:00] === WING Watchdog v2 Start ===
[2026-05-20 21:30:00] Found 0 ticket(s) in '处理中' status
[2026-05-20 21:30:00] No stalled tickets. Exiting.
[2026-05-20 22:00:01] === WING Watchdog v2 Start ===
[2026-05-20 22:00:01] Found 0 ticket(s) in '处理中' status
[2026-05-20 22:00:01] No stalled tickets. Exiting.
[2026-05-20 22:30:00] === WING Watchdog v2 Start ===
[2026-05-20 22:30:00] Found 0 ticket(s) in '处理中' status
[2026-05-20 22:30:00] No stalled tickets. Exiting.
[2026-05-20 23:00:00] === WING Watchdog v2 Start ===
[2026-05-20 23:00:01] Found 0 ticket(s) in '处理中' status
[2026-05-20 23:00:01] No stalled tickets. Exiting.
[2026-05-20 23:30:00] === WING Watchdog v2 Start ===
[2026-05-20 23:30:00] Found 0 ticket(s) in '处理中' status
[2026-05-20 23:30:00] No stalled tickets. Exiting.
[2026-05-21 00:00:00] === WING Watchdog v2 Start ===
[2026-05-21 00:00:00] Found 0 ticket(s) in '处理中' status
[2026-05-21 00:00:00] No stalled tickets. Exiting.
[2026-05-21 00:30:00] === WING Watchdog v2 Start ===
[2026-05-21 00:30:00] Found 0 ticket(s) in '处理中' status
[2026-05-21 00:30:00] No stalled tickets. Exiting.
[2026-05-21 01:00:00] === WING Watchdog v2 Start ===
[2026-05-21 01:00:00] Found 0 ticket(s) in '处理中' status
[2026-05-21 01:00:00] No stalled tickets. Exiting.
[2026-05-21 01:30:00] === WING Watchdog v2 Start ===
[2026-05-21 01:30:00] Found 0 ticket(s) in '处理中' status
[2026-05-21 01:30:00] No stalled tickets. Exiting.
[2026-05-21 02:00:00] === WING Watchdog v2 Start ===
[2026-05-21 02:00:00] Found 0 ticket(s) in '处理中' status
[2026-05-21 02:00:00] No stalled tickets. Exiting.
[2026-05-21 02:30:00] === WING Watchdog v2 Start ===
[2026-05-21 02:30:00] Found 0 ticket(s) in '处理中' status
[2026-05-21 02:30:00] No stalled tickets. Exiting.
[2026-05-21 03:00:01] === WING Watchdog v2 Start ===
[2026-05-21 03:00:01] Found 0 ticket(s) in '处理中' status
[2026-05-21 03:00:01] No stalled tickets. Exiting.
[2026-05-21 03:30:00] === WING Watchdog v2 Start ===
[2026-05-21 03:30:00] Found 0 ticket(s) in '处理中' status
[2026-05-21 03:30:00] No stalled tickets. Exiting.
[2026-05-21 04:00:00] === WING Watchdog v2 Start ===
[2026-05-21 04:00:00] Found 0 ticket(s) in '处理中' status
[2026-05-21 04:00:00] No stalled tickets. Exiting.
[2026-05-21 04:30:00] === WING Watchdog v2 Start ===
[2026-05-21 04:30:00] Found 0 ticket(s) in '处理中' status
[2026-05-21 04:30:00] No stalled tickets. Exiting.
[2026-05-21 05:00:00] === WING Watchdog v2 Start ===
[2026-05-21 05:00:00] Found 0 ticket(s) in '处理中' status
[2026-05-21 05:00:00] No stalled tickets. Exiting.
[2026-05-21 05:30:00] === WING Watchdog v2 Start ===
[2026-05-21 05:30:00] Found 0 ticket(s) in '处理中' status
[2026-05-21 05:30:00] No stalled tickets. Exiting.
[2026-05-21 06:00:00] === WING Watchdog v2 Start ===
[2026-05-21 06:00:00] Found 0 ticket(s) in '处理中' status
[2026-05-21 06:00:00] No stalled tickets. Exiting.
[2026-05-21 06:30:00] === WING Watchdog v2 Start ===
[2026-05-21 06:30:00] Found 0 ticket(s) in '处理中' status
[2026-05-21 06:30:00] No stalled tickets. Exiting.
[2026-05-21 07:00:00] === WING Watchdog v2 Start ===
[2026-05-21 07:00:01] Found 0 ticket(s) in '处理中' status
[2026-05-21 07:00:01] No stalled tickets. Exiting.
[2026-05-21 07:30:00] === WING Watchdog v2 Start ===
[2026-05-21 07:30:00] Found 0 ticket(s) in '处理中' status
[2026-05-21 07:30:00] No stalled tickets. Exiting.
[2026-05-21 08:00:00] === WING Watchdog v2 Start ===
[2026-05-21 08:00:00] Found 0 ticket(s) in '处理中' status
[2026-05-21 08:00:00] No stalled tickets. Exiting.
[2026-05-21 08:30:00] === WING Watchdog v2 Start ===
[2026-05-21 08:30:00] Found 0 ticket(s) in '处理中' status
[2026-05-21 08:30:00] No stalled tickets. Exiting.
[2026-05-21 09:00:00] === WING Watchdog v2 Start ===
[2026-05-21 09:00:00] Found 0 ticket(s) in '处理中' status
[2026-05-21 09:00:00] No stalled tickets. Exiting.
[2026-05-21 09:30:00] === WING Watchdog v2 Start ===
[2026-05-21 09:30:00] Found 0 ticket(s) in '处理中' status
[2026-05-21 09:30:00] No stalled tickets. Exiting.
[2026-05-21 10:00:00] === WING Watchdog v2 Start ===
[2026-05-21 10:00:01] Found 0 ticket(s) in '处理中' status
[2026-05-21 10:00:01] No stalled tickets. Exiting.
[2026-05-21 10:30:00] === WING Watchdog v2 Start ===
[2026-05-21 10:30:00] Found 0 ticket(s) in '处理中' status
[2026-05-21 10:30:00] No stalled tickets. Exiting.
[2026-05-21 11:00:00] === WING Watchdog v2 Start ===
[2026-05-21 11:00:00] Found 0 ticket(s) in '处理中' status
[2026-05-21 11:00:00] No stalled tickets. Exiting.
[2026-05-21 11:30:00] === WING Watchdog v2 Start ===
[2026-05-21 11:30:00] Found 0 ticket(s) in '处理中' status
[2026-05-21 11:30:00] No stalled tickets. Exiting.
[2026-05-21 12:00:00] === WING Watchdog v2 Start ===
[2026-05-21 12:00:01] Found 0 ticket(s) in '处理中' status
[2026-05-21 12:00:01] No stalled tickets. Exiting.
[2026-05-21 12:30:00] === WING Watchdog v2 Start ===
[2026-05-21 12:30:00] Found 0 ticket(s) in '处理中' status
[2026-05-21 12:30:00] No stalled tickets. Exiting.
[2026-05-21 13:00:01] === WING Watchdog v2 Start ===
[2026-05-21 13:00:01] Found 0 ticket(s) in '处理中' status
[2026-05-21 13:00:01] No stalled tickets. Exiting.
[2026-05-21 13:30:01] === WING Watchdog v2 Start ===
[2026-05-21 13:30:01] Found 0 ticket(s) in '处理中' status
[2026-05-21 13:30:01] No stalled tickets. Exiting.
[2026-05-21 14:00:00] === WING Watchdog v2 Start ===
[2026-05-21 14:00:00] Found 0 ticket(s) in '处理中' status
[2026-05-21 14:00:00] No stalled tickets. Exiting.
[2026-05-21 14:30:01] === WING Watchdog v2 Start ===
[2026-05-21 14:30:01] Found 0 ticket(s) in '处理中' status
[2026-05-21 14:30:01] No stalled tickets. Exiting.
[2026-05-21 15:00:00] === WING Watchdog v2 Start ===
[2026-05-21 15:00:00] Found 0 ticket(s) in '处理中' status
[2026-05-21 15:00:00] No stalled tickets. Exiting.
[2026-05-21 15:30:00] === WING Watchdog v2 Start ===
[2026-05-21 15:30:00] Found 0 ticket(s) in '处理中' status
[2026-05-21 15:30:00] No stalled tickets. Exiting.
[2026-05-21 16:00:00] === WING Watchdog v2 Start ===
[2026-05-21 16:00:00] Found 0 ticket(s) in '处理中' status
[2026-05-21 16:00:00] No stalled tickets. Exiting.
[2026-05-21 16:30:00] === WING Watchdog v2 Start ===
[2026-05-21 16:30:00] Found 0 ticket(s) in '处理中' status
[2026-05-21 16:30:00] No stalled tickets. Exiting.
[2026-05-21 17:00:00] === WING Watchdog v2 Start ===
[2026-05-21 17:00:00] Found 0 ticket(s) in '处理中' status
[2026-05-21 17:00:00] No stalled tickets. Exiting.
[2026-05-21 17:30:01] === WING Watchdog v2 Start ===
[2026-05-21 17:30:01] Found 0 ticket(s) in '处理中' status
[2026-05-21 17:30:01] No stalled tickets. Exiting.
[2026-05-21 18:00:00] === WING Watchdog v2 Start ===
[2026-05-21 18:00:01] Found 0 ticket(s) in '处理中' status
[2026-05-21 18:00:01] No stalled tickets. Exiting.
[2026-05-21 18:30:00] === WING Watchdog v2 Start ===
[2026-05-21 18:30:01] Found 0 ticket(s) in '处理中' status
[2026-05-21 18:30:01] No stalled tickets. Exiting.
[2026-05-21 19:00:00] === WING Watchdog v2 Start ===
[2026-05-21 19:00:00] Found 0 ticket(s) in '处理中' status
[2026-05-21 19:00:00] No stalled tickets. Exiting.
[2026-05-21 19:30:01] === WING Watchdog v2 Start ===
[2026-05-21 19:30:01] Found 0 ticket(s) in '处理中' status
[2026-05-21 19:30:01] No stalled tickets. Exiting.
[2026-05-21 20:00:00] === WING Watchdog v2 Start ===
[2026-05-21 20:00:00] Found 0 ticket(s) in '处理中' status
[2026-05-21 20:00:00] No stalled tickets. Exiting.
[2026-05-21 20:30:00] === WING Watchdog v2 Start ===
[2026-05-21 20:30:00] Found 0 ticket(s) in '处理中' status
[2026-05-21 20:30:00] No stalled tickets. Exiting.
[2026-05-21 21:00:01] === WING Watchdog v2 Start ===
[2026-05-21 21:00:01] Found 0 ticket(s) in '处理中' status
[2026-05-21 21:00:01] No stalled tickets. Exiting.
[2026-05-21 21:30:00] === WING Watchdog v2 Start ===
[2026-05-21 21:30:00] Found 0 ticket(s) in '处理中' status
[2026-05-21 21:30:00] No stalled tickets. Exiting.
[2026-05-21 22:00:01] === WING Watchdog v2 Start ===
[2026-05-21 22:00:01] Found 0 ticket(s) in '处理中' status
[2026-05-21 22:00:01] No stalled tickets. Exiting.
[2026-05-21 22:30:01] === WING Watchdog v2 Start ===
[2026-05-21 22:30:01] Found 0 ticket(s) in '处理中' status
[2026-05-21 22:30:01] No stalled tickets. Exiting.
[2026-05-21 23:00:00] === WING Watchdog v2 Start ===
[2026-05-21 23:00:00] Found 0 ticket(s) in '处理中' status
[2026-05-21 23:00:00] No stalled tickets. Exiting.
[2026-05-21 23:30:01] === WING Watchdog v2 Start ===
[2026-05-21 23:30:01] Found 0 ticket(s) in '处理中' status
[2026-05-21 23:30:01] No stalled tickets. Exiting.
[2026-05-22 00:00:01] === WING Watchdog v2 Start ===
[2026-05-22 00:00:01] Found 0 ticket(s) in '处理中' status
[2026-05-22 00:00:01] No stalled tickets. Exiting.
[2026-05-22 00:30:00] === WING Watchdog v2 Start ===
[2026-05-22 00:30:01] Found 0 ticket(s) in '处理中' status
[2026-05-22 00:30:01] No stalled tickets. Exiting.
[2026-05-22 01:00:00] === WING Watchdog v2 Start ===
[2026-05-22 01:00:00] Found 0 ticket(s) in '处理中' status
[2026-05-22 01:00:00] No stalled tickets. Exiting.
[2026-05-22 01:30:01] === WING Watchdog v2 Start ===
[2026-05-22 01:30:01] Found 0 ticket(s) in '处理中' status
[2026-05-22 01:30:01] No stalled tickets. Exiting.
[2026-05-22 02:00:00] === WING Watchdog v2 Start ===
[2026-05-22 02:00:00] Found 0 ticket(s) in '处理中' status
[2026-05-22 02:00:00] No stalled tickets. Exiting.
[2026-05-22 02:30:00] === WING Watchdog v2 Start ===
[2026-05-22 02:30:00] Found 0 ticket(s) in '处理中' status
[2026-05-22 02:30:00] No stalled tickets. Exiting.
[2026-05-22 03:00:00] === WING Watchdog v2 Start ===
[2026-05-22 03:00:00] Found 0 ticket(s) in '处理中' status
[2026-05-22 03:00:00] No stalled tickets. Exiting.
[2026-05-22 03:30:00] === WING Watchdog v2 Start ===
[2026-05-22 03:30:00] Found 0 ticket(s) in '处理中' status
[2026-05-22 03:30:00] No stalled tickets. Exiting.
[2026-05-22 04:00:00] === WING Watchdog v2 Start ===
[2026-05-22 04:00:00] Found 0 ticket(s) in '处理中' status
[2026-05-22 04:00:00] No stalled tickets. Exiting.
[2026-05-22 04:30:00] === WING Watchdog v2 Start ===
[2026-05-22 04:30:00] Found 0 ticket(s) in '处理中' status
[2026-05-22 04:30:00] No stalled tickets. Exiting.
[2026-05-22 05:00:00] === WING Watchdog v2 Start ===
[2026-05-22 05:00:00] Found 0 ticket(s) in '处理中' status
[2026-05-22 05:00:00] No stalled tickets. Exiting.
[2026-05-22 05:30:00] === WING Watchdog v2 Start ===
[2026-05-22 05:30:00] Found 0 ticket(s) in '处理中' status
[2026-05-22 05:30:00] No stalled tickets. Exiting.
[2026-05-22 06:00:00] === WING Watchdog v2 Start ===
[2026-05-22 06:00:00] Found 0 ticket(s) in '处理中' status
[2026-05-22 06:00:00] No stalled tickets. Exiting.
[2026-05-22 06:30:00] === WING Watchdog v2 Start ===
[2026-05-22 06:30:00] Found 0 ticket(s) in '处理中' status
[2026-05-22 06:30:00] No stalled tickets. Exiting.
[2026-05-22 07:00:00] === WING Watchdog v2 Start ===
[2026-05-22 07:00:00] Found 0 ticket(s) in '处理中' status
[2026-05-22 07:00:00] No stalled tickets. Exiting.
[2026-05-22 07:30:00] === WING Watchdog v2 Start ===
[2026-05-22 07:30:01] Found 0 ticket(s) in '处理中' status
[2026-05-22 07:30:01] No stalled tickets. Exiting.
[2026-05-22 08:00:00] === WING Watchdog v2 Start ===
[2026-05-22 08:00:00] Found 0 ticket(s) in '处理中' status
[2026-05-22 08:00:00] No stalled tickets. Exiting.
[2026-05-22 08:30:00] === WING Watchdog v2 Start ===
[2026-05-22 08:30:01] Found 0 ticket(s) in '处理中' status
[2026-05-22 08:30:01] No stalled tickets. Exiting.
[2026-05-22 09:00:00] === WING Watchdog v2 Start ===
[2026-05-22 09:00:00] Found 0 ticket(s) in '处理中' status
[2026-05-22 09:00:00] No stalled tickets. Exiting.
[2026-05-22 09:30:00] === WING Watchdog v2 Start ===
[2026-05-22 09:30:01] Found 0 ticket(s) in '处理中' status
[2026-05-22 09:30:01] No stalled tickets. Exiting.
[2026-05-22 10:00:00] === WING Watchdog v2 Start ===
[2026-05-22 10:00:00] RECOVERY CHECK: Found persisted state for AIWH-110 (claimed at 2026-05-22T01:55:33.399241+00:00)
[2026-05-22 10:00:00] RECOVERY alert written for AIWH-110
[2026-05-22 10:00:00] Found 1 ticket(s) in '处理中' status
[2026-05-22 10:00:00] Git status: clean
[2026-05-22 10:00:00] AIWH-110: updated=2026-05-22T09:55:34.000+0800, stall=4min, assignee=huahua
[2026-05-22 10:00:00] Alerts triggered: 0, Wakeups sent: 0
[2026-05-22 10:00:00] === WING Watchdog v2 End ===

[2026-05-22 10:30:00] === WING Watchdog v2 Start ===
[2026-05-22 10:30:00] Found 0 ticket(s) in '处理中' status
[2026-05-22 10:30:00] No stalled tickets. Exiting.
[2026-05-22 11:00:01] === WING Watchdog v2 Start ===
[2026-05-22 11:00:01] Found 0 ticket(s) in '处理中' status
[2026-05-22 11:00:01] No stalled tickets. Exiting.
[2026-05-22 11:30:00] === WING Watchdog v2 Start ===
[2026-05-22 11:30:00] Found 0 ticket(s) in '处理中' status
[2026-05-22 11:30:00] No stalled tickets. Exiting.
[2026-05-22 12:00:01] === WING Watchdog v2 Start ===
[2026-05-22 12:00:01] Found 0 ticket(s) in '处理中' status
[2026-05-22 12:00:01] No stalled tickets. Exiting.
[2026-05-22 12:30:00] === WING Watchdog v2 Start ===
[2026-05-22 12:30:00] Found 0 ticket(s) in '处理中' status
[2026-05-22 12:30:00] No stalled tickets. Exiting.
[2026-05-22 13:00:00] === WING Watchdog v2 Start ===
[2026-05-22 13:00:01] Found 0 ticket(s) in '处理中' status
[2026-05-22 13:00:01] No stalled tickets. Exiting.
[2026-05-22 13:30:00] === WING Watchdog v2 Start ===
[2026-05-22 13:30:00] Found 0 ticket(s) in '处理中' status
[2026-05-22 13:30:00] No stalled tickets. Exiting.
[2026-05-22 14:00:00] === WING Watchdog v2 Start ===
[2026-05-22 14:00:00] Found 0 ticket(s) in '处理中' status
[2026-05-22 14:00:00] No stalled tickets. Exiting.
[2026-05-22 14:30:00] === WING Watchdog v2 Start ===
[2026-05-22 14:30:00] Found 0 ticket(s) in '处理中' status
[2026-05-22 14:30:00] No stalled tickets. Exiting.
[2026-05-22 15:00:00] === WING Watchdog v2 Start ===
[2026-05-22 15:00:00] Found 0 ticket(s) in '处理中' status
[2026-05-22 15:00:00] No stalled tickets. Exiting.
[2026-05-22 15:30:00] === WING Watchdog v2 Start ===
[2026-05-22 15:30:00] Found 0 ticket(s) in '处理中' status
[2026-05-22 15:30:00] No stalled tickets. Exiting.
[2026-05-22 16:00:00] === WING Watchdog v2 Start ===
[2026-05-22 16:00:00] Found 0 ticket(s) in '处理中' status
[2026-05-22 16:00:00] No stalled tickets. Exiting.
[2026-05-22 16:30:01] === WING Watchdog v2 Start ===
[2026-05-22 16:30:01] Found 0 ticket(s) in '处理中' status
[2026-05-22 16:30:01] No stalled tickets. Exiting.
[2026-05-22 17:00:00] === WING Watchdog v2 Start ===
[2026-05-22 17:00:00] Found 0 ticket(s) in '处理中' status
[2026-05-22 17:00:00] No stalled tickets. Exiting.
[2026-05-22 17:30:00] === WING Watchdog v2 Start ===
[2026-05-22 17:30:00] Found 0 ticket(s) in '处理中' status
[2026-05-22 17:30:00] No stalled tickets. Exiting.
[2026-05-22 18:00:01] === WING Watchdog v2 Start ===
[2026-05-22 18:00:01] Found 0 ticket(s) in '处理中' status
[2026-05-22 18:00:01] No stalled tickets. Exiting.
[2026-05-22 18:30:01] === WING Watchdog v2 Start ===
[2026-05-22 18:30:01] Found 0 ticket(s) in '处理中' status
[2026-05-22 18:30:01] No stalled tickets. Exiting.
[2026-05-22 19:00:00] === WING Watchdog v2 Start ===
[2026-05-22 19:00:00] Found 0 ticket(s) in '处理中' status
[2026-05-22 19:00:00] No stalled tickets. Exiting.
[2026-05-22 19:30:00] === WING Watchdog v2 Start ===
[2026-05-22 19:30:00] Found 0 ticket(s) in '处理中' status
[2026-05-22 19:30:00] No stalled tickets. Exiting.
[2026-05-22 20:00:00] === WING Watchdog v2 Start ===
[2026-05-22 20:00:00] Found 0 ticket(s) in '处理中' status
[2026-05-22 20:00:00] No stalled tickets. Exiting.
[2026-05-22 20:30:00] === WING Watchdog v2 Start ===
[2026-05-22 20:30:00] Found 0 ticket(s) in '处理中' status
[2026-05-22 20:30:00] No stalled tickets. Exiting.
[2026-05-22 21:00:01] === WING Watchdog v2 Start ===
[2026-05-22 21:00:01] Found 0 ticket(s) in '处理中' status
[2026-05-22 21:00:01] No stalled tickets. Exiting.
[2026-05-22 21:30:01] === WING Watchdog v2 Start ===
[2026-05-22 21:30:01] Found 0 ticket(s) in '处理中' status
[2026-05-22 21:30:01] No stalled tickets. Exiting.
[2026-05-22 22:00:00] === WING Watchdog v2 Start ===
[2026-05-22 22:00:00] Found 0 ticket(s) in '处理中' status
[2026-05-22 22:00:00] No stalled tickets. Exiting.
[2026-05-22 22:30:01] === WING Watchdog v2 Start ===
[2026-05-22 22:30:01] Found 0 ticket(s) in '处理中' status
[2026-05-22 22:30:01] No stalled tickets. Exiting.
[2026-05-22 23:00:00] === WING Watchdog v2 Start ===
[2026-05-22 23:00:00] Found 0 ticket(s) in '处理中' status
[2026-05-22 23:00:00] No stalled tickets. Exiting.
[2026-05-22 23:30:00] === WING Watchdog v2 Start ===
[2026-05-22 23:30:00] Found 0 ticket(s) in '处理中' status
[2026-05-22 23:30:00] No stalled tickets. Exiting.
[2026-05-23 00:00:00] === WING Watchdog v2 Start ===
[2026-05-23 00:00:01] Found 0 ticket(s) in '处理中' status
[2026-05-23 00:00:01] No stalled tickets. Exiting.
[2026-05-23 00:30:00] === WING Watchdog v2 Start ===
[2026-05-23 00:30:00] Found 0 ticket(s) in '处理中' status
[2026-05-23 00:30:00] No stalled tickets. Exiting.
[2026-05-23 01:00:00] === WING Watchdog v2 Start ===
[2026-05-23 01:00:00] Found 0 ticket(s) in '处理中' status
[2026-05-23 01:00:00] No stalled tickets. Exiting.
[2026-05-23 01:30:00] === WING Watchdog v2 Start ===
[2026-05-23 01:30:01] Found 0 ticket(s) in '处理中' status
[2026-05-23 01:30:01] No stalled tickets. Exiting.
[2026-05-23 02:00:00] === WING Watchdog v2 Start ===
[2026-05-23 02:00:00] Found 0 ticket(s) in '处理中' status
[2026-05-23 02:00:00] No stalled tickets. Exiting.
[2026-05-23 02:30:01] === WING Watchdog v2 Start ===
[2026-05-23 02:30:01] Found 0 ticket(s) in '处理中' status
[2026-05-23 02:30:01] No stalled tickets. Exiting.
[2026-05-23 03:00:00] === WING Watchdog v2 Start ===
[2026-05-23 03:00:00] Found 0 ticket(s) in '处理中' status
[2026-05-23 03:00:00] No stalled tickets. Exiting.
[2026-05-23 03:30:00] === WING Watchdog v2 Start ===
[2026-05-23 03:30:00] Found 0 ticket(s) in '处理中' status
[2026-05-23 03:30:00] No stalled tickets. Exiting.
[2026-05-23 04:00:00] === WING Watchdog v2 Start ===
[2026-05-23 04:00:01] Found 0 ticket(s) in '处理中' status
[2026-05-23 04:00:01] No stalled tickets. Exiting.
[2026-05-23 04:30:00] === WING Watchdog v2 Start ===
[2026-05-23 04:30:00] Found 0 ticket(s) in '处理中' status
[2026-05-23 04:30:00] No stalled tickets. Exiting.
[2026-05-23 05:00:00] === WING Watchdog v2 Start ===
[2026-05-23 05:00:00] Found 0 ticket(s) in '处理中' status
[2026-05-23 05:00:00] No stalled tickets. Exiting.
[2026-05-23 05:30:00] === WING Watchdog v2 Start ===
[2026-05-23 05:30:00] Found 0 ticket(s) in '处理中' status
[2026-05-23 05:30:00] No stalled tickets. Exiting.
[2026-05-23 06:00:00] === WING Watchdog v2 Start ===
[2026-05-23 06:00:00] Found 0 ticket(s) in '处理中' status
[2026-05-23 06:00:00] No stalled tickets. Exiting.
[2026-05-23 06:30:00] === WING Watchdog v2 Start ===
[2026-05-23 06:30:01] Found 0 ticket(s) in '处理中' status
[2026-05-23 06:30:01] No stalled tickets. Exiting.
[2026-05-23 07:00:00] === WING Watchdog v2 Start ===
[2026-05-23 07:00:00] Found 0 ticket(s) in '处理中' status
[2026-05-23 07:00:00] No stalled tickets. Exiting.
[2026-05-23 07:30:01] === WING Watchdog v2 Start ===
[2026-05-23 07:30:01] Found 0 ticket(s) in '处理中' status
[2026-05-23 07:30:01] No stalled tickets. Exiting.
[2026-05-23 08:00:00] === WING Watchdog v2 Start ===
[2026-05-23 08:00:00] Found 0 ticket(s) in '处理中' status
[2026-05-23 08:00:00] No stalled tickets. Exiting.
[2026-05-23 08:30:00] === WING Watchdog v2 Start ===
[2026-05-23 08:30:00] Found 0 ticket(s) in '处理中' status
[2026-05-23 08:30:00] No stalled tickets. Exiting.
[2026-05-23 09:00:01] === WING Watchdog v2 Start ===
[2026-05-23 09:00:01] Found 0 ticket(s) in '处理中' status
[2026-05-23 09:00:01] No stalled tickets. Exiting.
[2026-05-23 09:30:00] === WING Watchdog v2 Start ===
[2026-05-23 09:30:00] Found 0 ticket(s) in '处理中' status
[2026-05-23 09:30:00] No stalled tickets. Exiting.
[2026-05-23 10:00:01] === WING Watchdog v2 Start ===
[2026-05-23 10:00:01] Found 0 ticket(s) in '处理中' status
[2026-05-23 10:00:01] No stalled tickets. Exiting.
[2026-05-23 10:30:00] === WING Watchdog v2 Start ===
[2026-05-23 10:30:00] Found 0 ticket(s) in '处理中' status
[2026-05-23 10:30:00] No stalled tickets. Exiting.
[2026-05-23 11:00:01] === WING Watchdog v2 Start ===
[2026-05-23 11:00:01] Found 0 ticket(s) in '处理中' status
[2026-05-23 11:00:01] No stalled tickets. Exiting.
[2026-05-23 11:30:00] === WING Watchdog v2 Start ===
[2026-05-23 11:30:00] Found 0 ticket(s) in '处理中' status
[2026-05-23 11:30:00] No stalled tickets. Exiting.
[2026-05-23 12:00:00] === WING Watchdog v2 Start ===
[2026-05-23 12:00:00] Found 0 ticket(s) in '处理中' status
[2026-05-23 12:00:00] No stalled tickets. Exiting.
[2026-05-23 12:30:00] === WING Watchdog v2 Start ===
[2026-05-23 12:30:01] Found 0 ticket(s) in '处理中' status
[2026-05-23 12:30:01] No stalled tickets. Exiting.
[2026-05-23 13:00:01] === WING Watchdog v2 Start ===
[2026-05-23 13:00:01] Found 0 ticket(s) in '处理中' status
[2026-05-23 13:00:01] No stalled tickets. Exiting.
[2026-05-23 13:30:00] === WING Watchdog v2 Start ===
[2026-05-23 13:30:01] Found 0 ticket(s) in '处理中' status
[2026-05-23 13:30:01] No stalled tickets. Exiting.
[2026-05-23 14:00:01] === WING Watchdog v2 Start ===
[2026-05-23 14:00:01] Found 0 ticket(s) in '处理中' status
[2026-05-23 14:00:01] No stalled tickets. Exiting.
[2026-05-23 14:30:00] === WING Watchdog v2 Start ===
[2026-05-23 14:30:00] Found 0 ticket(s) in '处理中' status
[2026-05-23 14:30:00] No stalled tickets. Exiting.
[2026-05-23 15:00:01] === WING Watchdog v2 Start ===
[2026-05-23 15:00:01] Found 0 ticket(s) in '处理中' status
[2026-05-23 15:00:01] No stalled tickets. Exiting.
[2026-05-23 15:30:00] === WING Watchdog v2 Start ===
[2026-05-23 15:30:00] Found 0 ticket(s) in '处理中' status
[2026-05-23 15:30:00] No stalled tickets. Exiting.
[2026-05-23 16:00:00] === WING Watchdog v2 Start ===
[2026-05-23 16:00:00] Found 0 ticket(s) in '处理中' status
[2026-05-23 16:00:00] No stalled tickets. Exiting.
[2026-05-23 16:30:00] === WING Watchdog v2 Start ===
[2026-05-23 16:30:00] Found 0 ticket(s) in '处理中' status
[2026-05-23 16:30:00] No stalled tickets. Exiting.
[2026-05-23 17:00:00] === WING Watchdog v2 Start ===
[2026-05-23 17:00:00] Found 0 ticket(s) in '处理中' status
[2026-05-23 17:00:00] No stalled tickets. Exiting.
[2026-05-23 17:30:01] === WING Watchdog v2 Start ===
[2026-05-23 17:30:01] Found 0 ticket(s) in '处理中' status
[2026-05-23 17:30:01] No stalled tickets. Exiting.
[2026-05-23 18:00:01] === WING Watchdog v2 Start ===
[2026-05-23 18:00:01] Found 0 ticket(s) in '处理中' status
[2026-05-23 18:00:01] No stalled tickets. Exiting.
[2026-05-23 18:30:00] === WING Watchdog v2 Start ===
[2026-05-23 18:30:00] Found 0 ticket(s) in '处理中' status
[2026-05-23 18:30:00] No stalled tickets. Exiting.
[2026-05-23 19:00:01] === WING Watchdog v2 Start ===
[2026-05-23 19:00:01] Found 0 ticket(s) in '处理中' status
[2026-05-23 19:00:01] No stalled tickets. Exiting.
[2026-05-23 19:30:00] === WING Watchdog v2 Start ===
[2026-05-23 19:30:00] Found 0 ticket(s) in '处理中' status
[2026-05-23 19:30:00] No stalled tickets. Exiting.
[2026-05-23 20:00:00] === WING Watchdog v2 Start ===
[2026-05-23 20:00:00] Found 0 ticket(s) in '处理中' status
[2026-05-23 20:00:00] No stalled tickets. Exiting.
[2026-05-23 20:30:01] === WING Watchdog v2 Start ===
[2026-05-23 20:30:01] Found 0 ticket(s) in '处理中' status
[2026-05-23 20:30:01] No stalled tickets. Exiting.
[2026-05-23 21:00:01] === WING Watchdog v2 Start ===
[2026-05-23 21:00:01] Found 0 ticket(s) in '处理中' status
[2026-05-23 21:00:01] No stalled tickets. Exiting.
[2026-05-23 21:30:01] === WING Watchdog v2 Start ===
[2026-05-23 21:30:01] Found 0 ticket(s) in '处理中' status
[2026-05-23 21:30:01] No stalled tickets. Exiting.
[2026-05-23 22:00:00] === WING Watchdog v2 Start ===
[2026-05-23 22:00:00] Found 0 ticket(s) in '处理中' status
[2026-05-23 22:00:00] No stalled tickets. Exiting.
[2026-05-23 22:30:00] === WING Watchdog v2 Start ===
[2026-05-23 22:30:01] Found 0 ticket(s) in '处理中' status
[2026-05-23 22:30:01] No stalled tickets. Exiting.
[2026-05-23 23:00:01] === WING Watchdog v2 Start ===
[2026-05-23 23:00:01] Found 0 ticket(s) in '处理中' status
[2026-05-23 23:00:01] No stalled tickets. Exiting.
[2026-05-23 23:30:01] === WING Watchdog v2 Start ===
[2026-05-23 23:30:01] Found 0 ticket(s) in '处理中' status
[2026-05-23 23:30:01] No stalled tickets. Exiting.
[2026-05-24 00:00:01] === WING Watchdog v2 Start ===
[2026-05-24 00:00:01] Found 0 ticket(s) in '处理中' status
[2026-05-24 00:00:01] No stalled tickets. Exiting.
[2026-05-24 00:30:01] === WING Watchdog v2 Start ===
[2026-05-24 00:30:01] Found 0 ticket(s) in '处理中' status
[2026-05-24 00:30:01] No stalled tickets. Exiting.
[2026-05-24 01:00:00] === WING Watchdog v2 Start ===
[2026-05-24 01:00:00] Found 0 ticket(s) in '处理中' status
[2026-05-24 01:00:00] No stalled tickets. Exiting.
[2026-05-24 01:30:00] === WING Watchdog v2 Start ===
[2026-05-24 01:30:00] Found 0 ticket(s) in '处理中' status
[2026-05-24 01:30:00] No stalled tickets. Exiting.
[2026-05-24 02:00:01] === WING Watchdog v2 Start ===
[2026-05-24 02:00:01] Found 0 ticket(s) in '处理中' status
[2026-05-24 02:00:01] No stalled tickets. Exiting.
[2026-05-24 02:30:01] === WING Watchdog v2 Start ===
[2026-05-24 02:30:01] Found 0 ticket(s) in '处理中' status
[2026-05-24 02:30:01] No stalled tickets. Exiting.
[2026-05-24 03:00:00] === WING Watchdog v2 Start ===
[2026-05-24 03:00:01] Found 0 ticket(s) in '处理中' status
[2026-05-24 03:00:01] No stalled tickets. Exiting.
[2026-05-24 03:30:00] === WING Watchdog v2 Start ===
[2026-05-24 03:30:00] Found 0 ticket(s) in '处理中' status
[2026-05-24 03:30:00] No stalled tickets. Exiting.
[2026-05-24 04:00:00] === WING Watchdog v2 Start ===
[2026-05-24 04:00:00] Found 0 ticket(s) in '处理中' status
[2026-05-24 04:00:00] No stalled tickets. Exiting.
[2026-05-24 04:30:00] === WING Watchdog v2 Start ===
[2026-05-24 04:30:00] Found 0 ticket(s) in '处理中' status
[2026-05-24 04:30:00] No stalled tickets. Exiting.
[2026-05-24 05:00:00] === WING Watchdog v2 Start ===
[2026-05-24 05:00:00] Found 0 ticket(s) in '处理中' status
[2026-05-24 05:00:00] No stalled tickets. Exiting.
[2026-05-24 05:30:00] === WING Watchdog v2 Start ===
[2026-05-24 05:30:00] Found 0 ticket(s) in '处理中' status
[2026-05-24 05:30:00] No stalled tickets. Exiting.
[2026-05-24 06:00:00] === WING Watchdog v2 Start ===
[2026-05-24 06:00:00] Found 0 ticket(s) in '处理中' status
[2026-05-24 06:00:00] No stalled tickets. Exiting.
[2026-05-24 06:30:01] === WING Watchdog v2 Start ===
[2026-05-24 06:30:01] Found 0 ticket(s) in '处理中' status
[2026-05-24 06:30:01] No stalled tickets. Exiting.
[2026-05-24 07:00:00] === WING Watchdog v2 Start ===
[2026-05-24 07:00:01] Found 0 ticket(s) in '处理中' status
[2026-05-24 07:00:01] No stalled tickets. Exiting.
[2026-05-24 07:30:00] === WING Watchdog v2 Start ===
[2026-05-24 07:30:01] Found 0 ticket(s) in '处理中' status
[2026-05-24 07:30:01] No stalled tickets. Exiting.
[2026-05-24 08:00:00] === WING Watchdog v2 Start ===
[2026-05-24 08:00:00] Found 0 ticket(s) in '处理中' status
[2026-05-24 08:00:00] No stalled tickets. Exiting.
[2026-05-24 08:30:01] === WING Watchdog v2 Start ===
[2026-05-24 08:30:01] Found 0 ticket(s) in '处理中' status
[2026-05-24 08:30:01] No stalled tickets. Exiting.
[2026-05-24 09:00:01] === WING Watchdog v2 Start ===
[2026-05-24 09:00:01] Found 0 ticket(s) in '处理中' status
[2026-05-24 09:00:01] No stalled tickets. Exiting.
[2026-05-24 09:30:00] === WING Watchdog v2 Start ===
[2026-05-24 09:30:01] Found 0 ticket(s) in '处理中' status
[2026-05-24 09:30:01] No stalled tickets. Exiting.
[2026-05-24 10:00:00] === WING Watchdog v2 Start ===
[2026-05-24 10:00:00] Found 0 ticket(s) in '处理中' status
[2026-05-24 10:00:00] No stalled tickets. Exiting.
[2026-05-24 10:30:00] === WING Watchdog v2 Start ===
[2026-05-24 10:30:00] Found 0 ticket(s) in '处理中' status
[2026-05-24 10:30:00] No stalled tickets. Exiting.
[2026-05-24 11:00:00] === WING Watchdog v2 Start ===
[2026-05-24 11:00:00] Found 0 ticket(s) in '处理中' status
[2026-05-24 11:00:00] No stalled tickets. Exiting.
[2026-05-24 11:30:00] === WING Watchdog v2 Start ===
[2026-05-24 11:30:00] Found 0 ticket(s) in '处理中' status
[2026-05-24 11:30:00] No stalled tickets. Exiting.
[2026-05-24 12:00:00] === WING Watchdog v2 Start ===
[2026-05-24 12:00:00] Found 0 ticket(s) in '处理中' status
[2026-05-24 12:00:00] No stalled tickets. Exiting.
[2026-05-24 12:30:01] === WING Watchdog v2 Start ===
[2026-05-24 12:30:01] Found 0 ticket(s) in '处理中' status
[2026-05-24 12:30:01] No stalled tickets. Exiting.
[2026-05-24 13:00:00] === WING Watchdog v2 Start ===
[2026-05-24 13:00:00] Found 0 ticket(s) in '处理中' status
[2026-05-24 13:00:00] No stalled tickets. Exiting.
[2026-05-24 13:30:00] === WING Watchdog v2 Start ===
[2026-05-24 13:30:00] Found 0 ticket(s) in '处理中' status
[2026-05-24 13:30:00] No stalled tickets. Exiting.
[2026-05-24 14:00:01] === WING Watchdog v2 Start ===
[2026-05-24 14:00:01] Found 0 ticket(s) in '处理中' status
[2026-05-24 14:00:01] No stalled tickets. Exiting.
[2026-05-24 14:30:01] === WING Watchdog v2 Start ===
[2026-05-24 14:30:01] Found 0 ticket(s) in '处理中' status
[2026-05-24 14:30:01] No stalled tickets. Exiting.
[2026-05-24 15:00:00] === WING Watchdog v2 Start ===
[2026-05-24 15:00:00] Found 0 ticket(s) in '处理中' status
[2026-05-24 15:00:00] No stalled tickets. Exiting.
[2026-05-24 15:30:00] === WING Watchdog v2 Start ===
[2026-05-24 15:30:01] Found 0 ticket(s) in '处理中' status
[2026-05-24 15:30:01] No stalled tickets. Exiting.
[2026-05-24 16:00:00] === WING Watchdog v2 Start ===
[2026-05-24 16:00:00] Found 0 ticket(s) in '处理中' status
[2026-05-24 16:00:00] No stalled tickets. Exiting.
[2026-05-24 16:30:00] === WING Watchdog v2 Start ===
[2026-05-24 16:30:00] Found 0 ticket(s) in '处理中' status
[2026-05-24 16:30:00] No stalled tickets. Exiting.
[2026-05-24 17:00:01] === WING Watchdog v2 Start ===
[2026-05-24 17:00:01] Found 0 ticket(s) in '处理中' status
[2026-05-24 17:00:01] No stalled tickets. Exiting.
[2026-05-24 17:30:00] === WING Watchdog v2 Start ===
[2026-05-24 17:30:00] Found 0 ticket(s) in '处理中' status
[2026-05-24 17:30:00] No stalled tickets. Exiting.
[2026-05-24 18:00:00] === WING Watchdog v2 Start ===
[2026-05-24 18:00:00] Found 0 ticket(s) in '处理中' status
[2026-05-24 18:00:00] No stalled tickets. Exiting.
[2026-05-24 18:30:01] === WING Watchdog v2 Start ===
[2026-05-24 18:30:01] Found 0 ticket(s) in '处理中' status
[2026-05-24 18:30:01] No stalled tickets. Exiting.
[2026-05-24 19:00:00] === WING Watchdog v2 Start ===
[2026-05-24 19:00:00] Found 0 ticket(s) in '处理中' status
[2026-05-24 19:00:00] No stalled tickets. Exiting.
[2026-05-24 19:30:00] === WING Watchdog v2 Start ===
[2026-05-24 19:30:00] Found 0 ticket(s) in '处理中' status
[2026-05-24 19:30:00] No stalled tickets. Exiting.
[2026-05-24 20:00:01] === WING Watchdog v2 Start ===
[2026-05-24 20:00:01] Found 0 ticket(s) in '处理中' status
[2026-05-24 20:00:01] No stalled tickets. Exiting.
[2026-05-24 20:30:00] === WING Watchdog v2 Start ===
[2026-05-24 20:30:00] Found 0 ticket(s) in '处理中' status
[2026-05-24 20:30:00] No stalled tickets. Exiting.
[2026-05-24 21:00:00] === WING Watchdog v2 Start ===
[2026-05-24 21:00:00] Found 0 ticket(s) in '处理中' status
[2026-05-24 21:00:00] No stalled tickets. Exiting.
[2026-05-24 21:30:00] === WING Watchdog v2 Start ===
[2026-05-24 21:30:00] Found 0 ticket(s) in '处理中' status
[2026-05-24 21:30:00] No stalled tickets. Exiting.
[2026-05-24 22:00:00] === WING Watchdog v2 Start ===
[2026-05-24 22:00:00] Found 0 ticket(s) in '处理中' status
[2026-05-24 22:00:00] No stalled tickets. Exiting.
[2026-05-24 22:30:00] === WING Watchdog v2 Start ===
[2026-05-24 22:30:00] Found 0 ticket(s) in '处理中' status
[2026-05-24 22:30:00] No stalled tickets. Exiting.
[2026-05-24 23:00:00] === WING Watchdog v2 Start ===
[2026-05-24 23:00:00] Found 0 ticket(s) in '处理中' status
[2026-05-24 23:00:00] No stalled tickets. Exiting.
[2026-05-24 23:30:00] === WING Watchdog v2 Start ===
[2026-05-24 23:30:01] Found 0 ticket(s) in '处理中' status
[2026-05-24 23:30:01] No stalled tickets. Exiting.
[2026-05-25 00:00:01] === WING Watchdog v2 Start ===
[2026-05-25 00:00:01] Found 0 ticket(s) in '处理中' status
[2026-05-25 00:00:01] No stalled tickets. Exiting.
[2026-05-25 00:30:00] === WING Watchdog v2 Start ===
[2026-05-25 00:30:00] Found 0 ticket(s) in '处理中' status
[2026-05-25 00:30:00] No stalled tickets. Exiting.
[2026-05-25 01:00:00] === WING Watchdog v2 Start ===
[2026-05-25 01:00:00] Found 0 ticket(s) in '处理中' status
[2026-05-25 01:00:00] No stalled tickets. Exiting.
[2026-05-25 01:30:00] === WING Watchdog v2 Start ===
[2026-05-25 01:30:00] Found 0 ticket(s) in '处理中' status
[2026-05-25 01:30:00] No stalled tickets. Exiting.
[2026-05-25 02:00:00] === WING Watchdog v2 Start ===
[2026-05-25 02:00:00] Found 0 ticket(s) in '处理中' status
[2026-05-25 02:00:00] No stalled tickets. Exiting.
[2026-05-25 02:30:00] === WING Watchdog v2 Start ===
[2026-05-25 02:30:00] Found 0 ticket(s) in '处理中' status
[2026-05-25 02:30:00] No stalled tickets. Exiting.
[2026-05-25 03:00:00] === WING Watchdog v2 Start ===
[2026-05-25 03:00:00] Found 0 ticket(s) in '处理中' status
[2026-05-25 03:00:00] No stalled tickets. Exiting.
[2026-05-25 03:30:00] === WING Watchdog v2 Start ===
[2026-05-25 03:30:00] Found 0 ticket(s) in '处理中' status
[2026-05-25 03:30:00] No stalled tickets. Exiting.
[2026-05-25 04:00:00] === WING Watchdog v2 Start ===
[2026-05-25 04:00:00] Found 0 ticket(s) in '处理中' status
[2026-05-25 04:00:00] No stalled tickets. Exiting.
[2026-05-25 04:30:00] === WING Watchdog v2 Start ===
[2026-05-25 04:30:00] Found 0 ticket(s) in '处理中' status
[2026-05-25 04:30:00] No stalled tickets. Exiting.
[2026-05-25 05:00:00] === WING Watchdog v2 Start ===
[2026-05-25 05:00:00] Found 0 ticket(s) in '处理中' status
[2026-05-25 05:00:00] No stalled tickets. Exiting.
[2026-05-25 05:30:00] === WING Watchdog v2 Start ===
[2026-05-25 05:30:01] Found 0 ticket(s) in '处理中' status
[2026-05-25 05:30:01] No stalled tickets. Exiting.
[2026-05-25 06:00:01] === WING Watchdog v2 Start ===
[2026-05-25 06:00:01] Found 0 ticket(s) in '处理中' status
[2026-05-25 06:00:01] No stalled tickets. Exiting.
[2026-05-25 06:30:00] === WING Watchdog v2 Start ===
[2026-05-25 06:30:00] Found 0 ticket(s) in '处理中' status
[2026-05-25 06:30:00] No stalled tickets. Exiting.
[2026-05-25 07:00:01] === WING Watchdog v2 Start ===
[2026-05-25 07:00:01] Found 0 ticket(s) in '处理中' status
[2026-05-25 07:00:01] No stalled tickets. Exiting.
[2026-05-25 07:30:00] === WING Watchdog v2 Start ===
[2026-05-25 07:30:00] Found 0 ticket(s) in '处理中' status
[2026-05-25 07:30:00] No stalled tickets. Exiting.
[2026-05-25 08:00:01] === WING Watchdog v2 Start ===
[2026-05-25 08:00:01] Found 0 ticket(s) in '处理中' status
[2026-05-25 08:00:01] No stalled tickets. Exiting.
[2026-05-25 08:30:00] === WING Watchdog v2 Start ===
[2026-05-25 08:30:00] Found 0 ticket(s) in '处理中' status
[2026-05-25 08:30:00] No stalled tickets. Exiting.
[2026-05-25 09:00:00] === WING Watchdog v2 Start ===
[2026-05-25 09:00:00] Found 0 ticket(s) in '处理中' status
[2026-05-25 09:00:00] No stalled tickets. Exiting.
[2026-05-25 09:30:00] === WING Watchdog v2 Start ===
[2026-05-25 09:30:00] Found 0 ticket(s) in '处理中' status
[2026-05-25 09:30:00] No stalled tickets. Exiting.
[2026-05-25 10:00:00] === WING Watchdog v2 Start ===
[2026-05-25 10:00:00] Found 0 ticket(s) in '处理中' status
[2026-05-25 10:00:00] No stalled tickets. Exiting.
[2026-05-25 10:30:01] === WING Watchdog v2 Start ===
[2026-05-25 10:30:01] Found 0 ticket(s) in '处理中' status
[2026-05-25 10:30:01] No stalled tickets. Exiting.
[2026-05-25 11:00:01] === WING Watchdog v2 Start ===
[2026-05-25 11:00:01] Found 0 ticket(s) in '处理中' status
[2026-05-25 11:00:01] No stalled tickets. Exiting.
[2026-05-25 11:30:00] === WING Watchdog v2 Start ===
[2026-05-25 11:30:01] Found 0 ticket(s) in '处理中' status
[2026-05-25 11:30:01] No stalled tickets. Exiting.
[2026-05-25 12:00:00] === WING Watchdog v2 Start ===
[2026-05-25 12:00:00] Found 0 ticket(s) in '处理中' status
[2026-05-25 12:00:00] No stalled tickets. Exiting.
[2026-05-25 12:30:00] === WING Watchdog v2 Start ===
[2026-05-25 12:30:00] Found 0 ticket(s) in '处理中' status
[2026-05-25 12:30:00] No stalled tickets. Exiting.
[2026-05-25 13:00:01] === WING Watchdog v2 Start ===
[2026-05-25 13:00:01] Found 0 ticket(s) in '处理中' status
[2026-05-25 13:00:01] No stalled tickets. Exiting.
[2026-05-25 13:30:00] === WING Watchdog v2 Start ===
[2026-05-25 13:30:01] Found 0 ticket(s) in '处理中' status
[2026-05-25 13:30:01] No stalled tickets. Exiting.
[2026-05-25 14:00:01] === WING Watchdog v2 Start ===
[2026-05-25 14:00:01] Found 0 ticket(s) in '处理中' status
[2026-05-25 14:00:01] No stalled tickets. Exiting.
[2026-05-25 14:30:00] === WING Watchdog v2 Start ===
[2026-05-25 14:30:01] Found 0 ticket(s) in '处理中' status
[2026-05-25 14:30:01] No stalled tickets. Exiting.
[2026-05-25 15:00:00] === WING Watchdog v2 Start ===
[2026-05-25 15:00:01] Found 0 ticket(s) in '处理中' status
[2026-05-25 15:00:01] No stalled tickets. Exiting.
[2026-05-25 15:30:00] === WING Watchdog v2 Start ===
[2026-05-25 15:30:00] Found 0 ticket(s) in '处理中' status
[2026-05-25 15:30:00] No stalled tickets. Exiting.
[2026-05-25 16:00:00] === WING Watchdog v2 Start ===
[2026-05-25 16:00:00] Found 0 ticket(s) in '处理中' status
[2026-05-25 16:00:00] No stalled tickets. Exiting.
[2026-05-25 16:30:00] === WING Watchdog v2 Start ===
[2026-05-25 16:30:00] Found 0 ticket(s) in '处理中' status
[2026-05-25 16:30:00] No stalled tickets. Exiting.
[2026-05-25 17:00:00] === WING Watchdog v2 Start ===
[2026-05-25 17:00:00] Found 0 ticket(s) in '处理中' status
[2026-05-25 17:00:00] No stalled tickets. Exiting.
[2026-05-25 17:30:00] === WING Watchdog v2 Start ===
[2026-05-25 17:30:00] Found 0 ticket(s) in '处理中' status
[2026-05-25 17:30:00] No stalled tickets. Exiting.
[2026-05-25 18:00:00] === WING Watchdog v2 Start ===
[2026-05-25 18:00:00] Found 0 ticket(s) in '处理中' status
[2026-05-25 18:00:00] No stalled tickets. Exiting.
[2026-05-25 18:30:01] === WING Watchdog v2 Start ===
[2026-05-25 18:30:01] Found 0 ticket(s) in '处理中' status
[2026-05-25 18:30:01] No stalled tickets. Exiting.
[2026-05-25 19:00:00] === WING Watchdog v2 Start ===
[2026-05-25 19:00:00] Found 0 ticket(s) in '处理中' status
[2026-05-25 19:00:00] No stalled tickets. Exiting.
[2026-05-25 19:30:00] === WING Watchdog v2 Start ===
[2026-05-25 19:30:00] Found 0 ticket(s) in '处理中' status
[2026-05-25 19:30:00] No stalled tickets. Exiting.
[2026-05-25 20:00:00] === WING Watchdog v2 Start ===
[2026-05-25 20:00:00] Found 0 ticket(s) in '处理中' status
[2026-05-25 20:00:00] No stalled tickets. Exiting.
[2026-05-25 20:30:00] === WING Watchdog v2 Start ===
[2026-05-25 20:30:00] Found 0 ticket(s) in '处理中' status
[2026-05-25 20:30:00] No stalled tickets. Exiting.
[2026-05-25 21:00:00] === WING Watchdog v2 Start ===
[2026-05-25 21:00:00] Found 0 ticket(s) in '处理中' status
[2026-05-25 21:00:00] No stalled tickets. Exiting.
[2026-05-25 21:30:00] === WING Watchdog v2 Start ===
[2026-05-25 21:30:00] Found 0 ticket(s) in '处理中' status
[2026-05-25 21:30:00] No stalled tickets. Exiting.
[2026-05-25 22:00:00] === WING Watchdog v2 Start ===
[2026-05-25 22:00:00] Found 0 ticket(s) in '处理中' status
[2026-05-25 22:00:00] No stalled tickets. Exiting.
[2026-05-25 22:30:01] === WING Watchdog v2 Start ===
[2026-05-25 22:30:01] Found 0 ticket(s) in '处理中' status
[2026-05-25 22:30:01] No stalled tickets. Exiting.
[2026-05-25 23:00:00] === WING Watchdog v2 Start ===
[2026-05-25 23:00:00] Found 0 ticket(s) in '处理中' status
[2026-05-25 23:00:00] No stalled tickets. Exiting.
[2026-05-25 23:30:00] === WING Watchdog v2 Start ===
[2026-05-25 23:30:00] Found 0 ticket(s) in '处理中' status
[2026-05-25 23:30:00] No stalled tickets. Exiting.
[2026-05-26 00:00:00] === WING Watchdog v2 Start ===
[2026-05-26 00:00:00] Found 0 ticket(s) in '处理中' status
[2026-05-26 00:00:00] No stalled tickets. Exiting.
[2026-05-26 00:30:00] === WING Watchdog v2 Start ===
[2026-05-26 00:30:00] Found 0 ticket(s) in '处理中' status
[2026-05-26 00:30:00] No stalled tickets. Exiting.
[2026-05-26 01:00:00] === WING Watchdog v2 Start ===
[2026-05-26 01:00:00] Found 0 ticket(s) in '处理中' status
[2026-05-26 01:00:00] No stalled tickets. Exiting.
[2026-05-26 01:30:00] === WING Watchdog v2 Start ===
[2026-05-26 01:30:00] Found 0 ticket(s) in '处理中' status
[2026-05-26 01:30:00] No stalled tickets. Exiting.
[2026-05-26 02:00:00] === WING Watchdog v2 Start ===
[2026-05-26 02:00:00] Found 0 ticket(s) in '处理中' status
[2026-05-26 02:00:00] No stalled tickets. Exiting.
[2026-05-26 02:30:00] === WING Watchdog v2 Start ===
[2026-05-26 02:30:01] Found 0 ticket(s) in '处理中' status
[2026-05-26 02:30:01] No stalled tickets. Exiting.
[2026-05-26 03:00:00] === WING Watchdog v2 Start ===
[2026-05-26 03:00:00] Found 0 ticket(s) in '处理中' status
[2026-05-26 03:00:00] No stalled tickets. Exiting.
[2026-05-26 03:30:00] === WING Watchdog v2 Start ===
[2026-05-26 03:30:00] Found 0 ticket(s) in '处理中' status
[2026-05-26 03:30:00] No stalled tickets. Exiting.
[2026-05-26 04:00:00] === WING Watchdog v2 Start ===
[2026-05-26 04:00:00] Found 0 ticket(s) in '处理中' status
[2026-05-26 04:00:00] No stalled tickets. Exiting.
[2026-05-26 04:30:00] === WING Watchdog v2 Start ===
[2026-05-26 04:30:00] Found 0 ticket(s) in '处理中' status
[2026-05-26 04:30:00] No stalled tickets. Exiting.
[2026-05-26 05:00:00] === WING Watchdog v2 Start ===
[2026-05-26 05:00:00] Found 0 ticket(s) in '处理中' status
[2026-05-26 05:00:00] No stalled tickets. Exiting.
[2026-05-26 05:30:01] === WING Watchdog v2 Start ===
[2026-05-26 05:30:01] Found 0 ticket(s) in '处理中' status
[2026-05-26 05:30:01] No stalled tickets. Exiting.
[2026-05-26 06:00:01] === WING Watchdog v2 Start ===
[2026-05-26 06:00:01] Found 0 ticket(s) in '处理中' status
[2026-05-26 06:00:01] No stalled tickets. Exiting.
[2026-05-26 06:30:00] === WING Watchdog v2 Start ===
[2026-05-26 06:30:00] Found 0 ticket(s) in '处理中' status
[2026-05-26 06:30:00] No stalled tickets. Exiting.
[2026-05-26 07:00:00] === WING Watchdog v2 Start ===
[2026-05-26 07:00:01] Found 0 ticket(s) in '处理中' status
[2026-05-26 07:00:01] No stalled tickets. Exiting.
[2026-05-26 07:30:01] === WING Watchdog v2 Start ===
[2026-05-26 07:30:01] Found 0 ticket(s) in '处理中' status
[2026-05-26 07:30:01] No stalled tickets. Exiting.
[2026-05-26 08:00:00] === WING Watchdog v2 Start ===
[2026-05-26 08:00:00] Found 0 ticket(s) in '处理中' status
[2026-05-26 08:00:00] No stalled tickets. Exiting.
[2026-05-26 08:30:00] === WING Watchdog v2 Start ===
[2026-05-26 08:30:02] Found 0 ticket(s) in '处理中' status
[2026-05-26 08:30:02] No stalled tickets. Exiting.
[2026-05-26 09:00:00] === WING Watchdog v2 Start ===
[2026-05-26 09:00:00] Found 0 ticket(s) in '处理中' status
[2026-05-26 09:00:00] No stalled tickets. Exiting.
[2026-05-26 09:30:01] === WING Watchdog v2 Start ===
[2026-05-26 09:30:02] Found 0 ticket(s) in '处理中' status
[2026-05-26 09:30:02] No stalled tickets. Exiting.
[2026-05-26 10:00:01] === WING Watchdog v2 Start ===
[2026-05-26 10:00:02] Found 0 ticket(s) in '处理中' status
[2026-05-26 10:00:02] No stalled tickets. Exiting.
[2026-05-26 10:30:00] === WING Watchdog v2 Start ===
[2026-05-26 10:30:00] Found 0 ticket(s) in '处理中' status
[2026-05-26 10:30:00] No stalled tickets. Exiting.
[2026-05-26 11:00:00] === WING Watchdog v2 Start ===
[2026-05-26 11:00:00] Found 0 ticket(s) in '处理中' status
[2026-05-26 11:00:00] No stalled tickets. Exiting.
[2026-05-26 11:30:00] === WING Watchdog v2 Start ===
[2026-05-26 11:30:02] Found 0 ticket(s) in '处理中' status
[2026-05-26 11:30:02] No stalled tickets. Exiting.
[2026-05-26 12:00:00] === WING Watchdog v2 Start ===
[2026-05-26 12:00:01] Found 0 ticket(s) in '处理中' status
[2026-05-26 12:00:01] No stalled tickets. Exiting.
[2026-05-26 12:30:00] === WING Watchdog v2 Start ===
[2026-05-26 12:30:01] Found 0 ticket(s) in '处理中' status
[2026-05-26 12:30:01] No stalled tickets. Exiting.
[2026-05-26 13:00:00] === WING Watchdog v2 Start ===
[2026-05-26 13:00:00] Found 0 ticket(s) in '处理中' status
[2026-05-26 13:00:00] No stalled tickets. Exiting.
[2026-05-26 13:30:00] === WING Watchdog v2 Start ===
[2026-05-26 13:30:00] Found 0 ticket(s) in '处理中' status
[2026-05-26 13:30:00] No stalled tickets. Exiting.
[2026-05-26 14:00:00] === WING Watchdog v2 Start ===
[2026-05-26 14:00:00] Found 0 ticket(s) in '处理中' status
[2026-05-26 14:00:00] No stalled tickets. Exiting.
[2026-05-26 14:30:00] === WING Watchdog v2 Start ===
[2026-05-26 14:30:00] Found 0 ticket(s) in '处理中' status
[2026-05-26 14:30:00] No stalled tickets. Exiting.
[2026-05-26 15:00:00] === WING Watchdog v2 Start ===
[2026-05-26 15:00:00] Found 0 ticket(s) in '处理中' status
[2026-05-26 15:00:00] No stalled tickets. Exiting.
[2026-05-26 15:30:00] === WING Watchdog v2 Start ===
[2026-05-26 15:30:01] Found 0 ticket(s) in '处理中' status
[2026-05-26 15:30:01] No stalled tickets. Exiting.
[2026-05-26 16:00:01] === WING Watchdog v2 Start ===
[2026-05-26 16:00:01] Found 0 ticket(s) in '处理中' status
[2026-05-26 16:00:01] No stalled tickets. Exiting.
[2026-05-26 16:30:01] === WING Watchdog v2 Start ===
[2026-05-26 16:30:02] Found 0 ticket(s) in '处理中' status
[2026-05-26 16:30:02] No stalled tickets. Exiting.
[2026-05-26 17:00:00] === WING Watchdog v2 Start ===
[2026-05-26 17:00:00] Found 0 ticket(s) in '处理中' status
[2026-05-26 17:00:00] No stalled tickets. Exiting.
[2026-05-26 17:30:01] === WING Watchdog v2 Start ===
[2026-05-26 17:30:02] Found 0 ticket(s) in '处理中' status
[2026-05-26 17:30:02] No stalled tickets. Exiting.
[2026-05-26 18:00:00] === WING Watchdog v2 Start ===
[2026-05-26 18:00:00] Found 0 ticket(s) in '处理中' status
[2026-05-26 18:00:00] No stalled tickets. Exiting.
[2026-05-26 18:30:00] === WING Watchdog v2 Start ===
[2026-05-26 18:30:01] Found 0 ticket(s) in '处理中' status
[2026-05-26 18:30:01] No stalled tickets. Exiting.
[2026-05-26 19:00:00] === WING Watchdog v2 Start ===
[2026-05-26 19:00:00] Found 0 ticket(s) in '处理中' status
[2026-05-26 19:00:00] No stalled tickets. Exiting.
[2026-05-26 19:30:01] === WING Watchdog v2 Start ===
[2026-05-26 19:30:01] Found 0 ticket(s) in '处理中' status
[2026-05-26 19:30:01] No stalled tickets. Exiting.
[2026-05-26 20:00:00] === WING Watchdog v2 Start ===
[2026-05-26 20:00:00] Found 0 ticket(s) in '处理中' status
[2026-05-26 20:00:00] No stalled tickets. Exiting.
[2026-05-26 20:30:00] === WING Watchdog v2 Start ===
[2026-05-26 20:30:00] Found 0 ticket(s) in '处理中' status
[2026-05-26 20:30:00] No stalled tickets. Exiting.
[2026-05-26 21:00:00] === WING Watchdog v2 Start ===
[2026-05-26 21:00:00] Found 0 ticket(s) in '处理中' status
[2026-05-26 21:00:00] No stalled tickets. Exiting.
[2026-05-26 21:30:01] === WING Watchdog v2 Start ===
[2026-05-26 21:30:01] Found 0 ticket(s) in '处理中' status
[2026-05-26 21:30:01] No stalled tickets. Exiting.
[2026-05-26 22:00:00] === WING Watchdog v2 Start ===
[2026-05-26 22:00:00] Found 0 ticket(s) in '处理中' status
[2026-05-26 22:00:00] No stalled tickets. Exiting.
[2026-05-26 22:30:00] === WING Watchdog v2 Start ===
[2026-05-26 22:30:01] Found 0 ticket(s) in '处理中' status
[2026-05-26 22:30:01] No stalled tickets. Exiting.
